<?xml version="1.0" encoding="UTF-8"?>
<testng-results ignored="0" total="20" passed="20" failed="0" skipped="0">
  <reporter-output>
  </reporter-output>
  <suite started-at="2023-06-25T03:03:40 IST" name="Suite" finished-at="2023-06-25T03:06:21 IST" duration-ms="160837">
    <groups>
    </groups>
    <test started-at="2023-06-25T03:03:40 IST" name="Test" finished-at="2023-06-25T03:06:21 IST" duration-ms="160837">
      <class name="Test.WorldClockFunctions">
        <test-method is-config="true" signature="reportInitialiser()[pri:0, instance:Test.WorldClockFunctions@3c01cfa1]" started-at="2023-06-25T03:03:40 IST" name="reportInitialiser" finished-at="2023-06-25T03:03:40 IST" duration-ms="1" status="PASS">
          <reporter-output>
          </reporter-output>
        </test-method> <!-- reportInitialiser -->
        <test-method is-config="true" signature="openBrowser()[pri:0, instance:Test.WorldClockFunctions@3c01cfa1]" started-at="2023-06-25T03:03:40 IST" name="openBrowser" finished-at="2023-06-25T03:03:42 IST" duration-ms="2299" status="PASS">
          <reporter-output>
          </reporter-output>
        </test-method> <!-- openBrowser -->
        <test-method is-config="true" signature="openWebsite()[pri:0, instance:Test.WorldClockFunctions@3c01cfa1]" started-at="2023-06-25T03:03:42 IST" name="openWebsite" finished-at="2023-06-25T03:03:44 IST" duration-ms="1554" status="PASS">
          <reporter-output>
          </reporter-output>
        </test-method> <!-- openWebsite -->
        <test-method is-config="true" signature="setPage()[pri:0, instance:Test.WorldClockFunctions@3c01cfa1]" started-at="2023-06-25T03:03:44 IST" name="setPage" finished-at="2023-06-25T03:03:44 IST" duration-ms="33" status="PASS">
          <reporter-output>
          </reporter-output>
        </test-method> <!-- setPage -->
        <test-method signature="Login()[pri:1, instance:Test.WorldClockFunctions@3c01cfa1]" started-at="2023-06-25T03:03:44 IST" name="Login" finished-at="2023-06-25T03:04:03 IST" duration-ms="18652" status="PASS">
          <reporter-output>
          </reporter-output>
        </test-method> <!-- Login -->
        <test-method signature="profile()[pri:2, instance:Test.WorldClockFunctions@3c01cfa1]" started-at="2023-06-25T03:04:03 IST" name="profile" finished-at="2023-06-25T03:04:04 IST" duration-ms="1102" status="PASS">
          <reporter-output>
          </reporter-output>
        </test-method> <!-- profile -->
        <test-method signature="user_details()[pri:3, instance:Test.WorldClockFunctions@3c01cfa1]" started-at="2023-06-25T03:04:04 IST" name="user_details" finished-at="2023-06-25T03:04:05 IST" duration-ms="1082" status="PASS">
          <reporter-output>
          </reporter-output>
        </test-method> <!-- user_details -->
        <test-method signature="clockMessage()[pri:4, instance:Test.WorldClockFunctions@3c01cfa1]" started-at="2023-06-25T03:04:05 IST" name="clockMessage" finished-at="2023-06-25T03:04:11 IST" duration-ms="6357" status="PASS">
          <reporter-output>
          </reporter-output>
        </test-method> <!-- clockMessage -->
        <test-method signature="bangalore_time_date_details()[pri:5, instance:Test.WorldClockFunctions@3c01cfa1]" started-at="2023-06-25T03:04:11 IST" name="bangalore_time_date_details" finished-at="2023-06-25T03:04:12 IST" duration-ms="1046" status="PASS">
          <reporter-output>
          </reporter-output>
        </test-method> <!-- bangalore_time_date_details -->
        <test-method signature="bangalore_date_time_verify()[pri:6, instance:Test.WorldClockFunctions@3c01cfa1]" started-at="2023-06-25T03:04:12 IST" name="bangalore_date_time_verify" finished-at="2023-06-25T03:04:13 IST" duration-ms="1166" status="PASS">
          <reporter-output>
          </reporter-output>
        </test-method> <!-- bangalore_date_time_verify -->
        <test-method signature="london_time_date_display()[pri:7, instance:Test.WorldClockFunctions@3c01cfa1]" started-at="2023-06-25T03:04:13 IST" name="london_time_date_display" finished-at="2023-06-25T03:04:14 IST" duration-ms="1055" status="PASS">
          <reporter-output>
          </reporter-output>
        </test-method> <!-- london_time_date_display -->
        <test-method signature="london_time_check()[pri:8, instance:Test.WorldClockFunctions@3c01cfa1]" started-at="2023-06-25T03:04:15 IST" name="london_time_check" finished-at="2023-06-25T03:04:22 IST" duration-ms="7711" status="PASS">
          <reporter-output>
          </reporter-output>
        </test-method> <!-- london_time_check -->
        <test-method signature="London_date_check()[pri:9, instance:Test.WorldClockFunctions@3c01cfa1]" started-at="2023-06-25T03:04:22 IST" name="London_date_check" finished-at="2023-06-25T03:04:29 IST" duration-ms="6840" status="PASS">
          <reporter-output>
          </reporter-output>
        </test-method> <!-- London_date_check -->
        <test-method signature="time_diff_Bangalore_London()[pri:10, instance:Test.WorldClockFunctions@3c01cfa1]" started-at="2023-06-25T03:04:29 IST" name="time_diff_Bangalore_London" finished-at="2023-06-25T03:04:35 IST" duration-ms="5605" status="PASS">
          <reporter-output>
          </reporter-output>
        </test-method> <!-- time_diff_Bangalore_London -->
        <test-method signature="NY_time_date_display()[pri:11, instance:Test.WorldClockFunctions@3c01cfa1]" started-at="2023-06-25T03:04:35 IST" name="NY_time_date_display" finished-at="2023-06-25T03:04:35 IST" duration-ms="45" status="PASS">
          <reporter-output>
          </reporter-output>
        </test-method> <!-- NY_time_date_display -->
        <test-method signature="NY_time_check()[pri:12, instance:Test.WorldClockFunctions@3c01cfa1]" started-at="2023-06-25T03:04:35 IST" name="NY_time_check" finished-at="2023-06-25T03:04:40 IST" duration-ms="5660" status="PASS">
          <reporter-output>
          </reporter-output>
        </test-method> <!-- NY_time_check -->
        <test-method signature="NY_datecheck()[pri:13, instance:Test.WorldClockFunctions@3c01cfa1]" started-at="2023-06-25T03:04:40 IST" name="NY_datecheck" finished-at="2023-06-25T03:04:46 IST" duration-ms="5322" status="PASS">
          <reporter-output>
          </reporter-output>
        </test-method> <!-- NY_datecheck -->
        <test-method signature="time_diff_Bangalore_NY()[pri:14, instance:Test.WorldClockFunctions@3c01cfa1]" started-at="2023-06-25T03:04:46 IST" name="time_diff_Bangalore_NY" finished-at="2023-06-25T03:04:51 IST" duration-ms="4811" status="PASS">
          <reporter-output>
          </reporter-output>
        </test-method> <!-- time_diff_Bangalore_NY -->
        <test-method is-config="true" signature="close()[pri:0, instance:Test.WorldClockFunctions@3c01cfa1]" started-at="2023-06-25T03:04:51 IST" name="close" finished-at="2023-06-25T03:04:51 IST" duration-ms="811" status="PASS">
          <reporter-output>
          </reporter-output>
        </test-method> <!-- close -->
        <test-method is-config="true" signature="reportend()[pri:0, instance:Test.WorldClockFunctions@3c01cfa1]" started-at="2023-06-25T03:06:21 IST" name="reportend" finished-at="2023-06-25T03:06:21 IST" duration-ms="253" status="PASS">
          <reporter-output>
          </reporter-output>
        </test-method> <!-- reportend -->
      </class> <!-- Test.WorldClockFunctions -->
      <class name="Test.OneCognizantTest">
        <test-method is-config="true" signature="reportInitialiser()[pri:0, instance:Test.OneCognizantTest@147a5d08]" started-at="2023-06-25T03:03:40 IST" name="reportInitialiser" finished-at="2023-06-25T03:03:40 IST" duration-ms="19" status="PASS">
          <reporter-output>
          </reporter-output>
        </test-method> <!-- reportInitialiser -->
        <test-method is-config="true" signature="openBrowser()[pri:0, instance:Test.OneCognizantTest@147a5d08]" started-at="2023-06-25T03:04:51 IST" name="openBrowser" finished-at="2023-06-25T03:04:52 IST" duration-ms="992" status="PASS">
          <reporter-output>
          </reporter-output>
        </test-method> <!-- openBrowser -->
        <test-method is-config="true" signature="openWebsite()[pri:0, instance:Test.OneCognizantTest@147a5d08]" started-at="2023-06-25T03:04:52 IST" name="openWebsite" finished-at="2023-06-25T03:04:54 IST" duration-ms="1617" status="PASS">
          <reporter-output>
          </reporter-output>
        </test-method> <!-- openWebsite -->
        <test-method is-config="true" signature="setPage()[pri:0, instance:Test.OneCognizantTest@147a5d08]" started-at="2023-06-25T03:04:54 IST" name="setPage" finished-at="2023-06-25T03:04:54 IST" duration-ms="17" status="PASS">
          <reporter-output>
          </reporter-output>
        </test-method> <!-- setPage -->
        <test-method signature="Login()[pri:1, instance:Test.OneCognizantTest@147a5d08]" started-at="2023-06-25T03:04:54 IST" name="Login" finished-at="2023-06-25T03:05:18 IST" duration-ms="23883" status="PASS">
          <reporter-output>
          </reporter-output>
        </test-method> <!-- Login -->
        <test-method signature="clickOneCognizant()[pri:2, instance:Test.OneCognizantTest@147a5d08]" started-at="2023-06-25T03:05:18 IST" name="clickOneCognizant" finished-at="2023-06-25T03:05:22 IST" duration-ms="4390" status="PASS">
          <reporter-output>
          </reporter-output>
        </test-method> <!-- clickOneCognizant -->
        <test-method signature="handleWindow()[pri:3, instance:Test.OneCognizantTest@147a5d08]" started-at="2023-06-25T03:05:22 IST" name="handleWindow" finished-at="2023-06-25T03:05:22 IST" duration-ms="152" status="PASS">
          <reporter-output>
          </reporter-output>
        </test-method> <!-- handleWindow -->
        <test-method signature="clickViewAllApps()[pri:4, instance:Test.OneCognizantTest@147a5d08]" started-at="2023-06-25T03:05:22 IST" name="clickViewAllApps" finished-at="2023-06-25T03:06:15 IST" duration-ms="52611" status="PASS">
          <reporter-output>
          </reporter-output>
        </test-method> <!-- clickViewAllApps -->
        <test-method signature="searchHeader()[pri:5, instance:Test.OneCognizantTest@147a5d08]" started-at="2023-06-25T03:06:15 IST" name="searchHeader" finished-at="2023-06-25T03:06:15 IST" duration-ms="50" status="PASS">
          <reporter-output>
          </reporter-output>
        </test-method> <!-- searchHeader -->
        <test-method signature="appnames()[pri:6, instance:Test.OneCognizantTest@147a5d08]" started-at="2023-06-25T03:06:15 IST" name="appnames" finished-at="2023-06-25T03:06:20 IST" duration-ms="4865" status="PASS">
          <reporter-output>
          </reporter-output>
        </test-method> <!-- appnames -->
        <test-method is-config="true" signature="close()[pri:0, instance:Test.OneCognizantTest@147a5d08]" started-at="2023-06-25T03:06:20 IST" name="close" finished-at="2023-06-25T03:06:21 IST" duration-ms="745" status="PASS">
          <reporter-output>
          </reporter-output>
        </test-method> <!-- close -->
      </class> <!-- Test.OneCognizantTest -->
    </test> <!-- Test -->
  </suite> <!-- Suite -->
</testng-results>
