<?xml version="1.0" encoding="UTF-8"?>
<!-- Generated by org.testng.reporters.JUnitXMLReporter -->
<testsuite ignored="1" hostname="Rupankar-PC-2001" failures="0" tests="20" name="Test" time="160.837" errors="0" timestamp="2023-06-25T03:06:21 IST">
  <testcase classname="Test.WorldClockFunctions" name="Login" time="18.652"/>
  <testcase classname="Test.WorldClockFunctions" name="profile" time="1.102"/>
  <testcase classname="Test.WorldClockFunctions" name="user_details" time="1.082"/>
  <testcase classname="Test.WorldClockFunctions" name="clockMessage" time="6.357"/>
  <testcase classname="Test.WorldClockFunctions" name="bangalore_time_date_details" time="1.046"/>
  <testcase classname="Test.WorldClockFunctions" name="bangalore_date_time_verify" time="1.166"/>
  <testcase classname="Test.WorldClockFunctions" name="london_time_date_display" time="1.055"/>
  <testcase classname="Test.WorldClockFunctions" name="london_time_check" time="7.711"/>
  <testcase classname="Test.WorldClockFunctions" name="London_date_check" time="6.84"/>
  <testcase classname="Test.WorldClockFunctions" name="time_diff_Bangalore_London" time="5.605"/>
  <testcase classname="Test.WorldClockFunctions" name="NY_time_date_display" time="0.045"/>
  <testcase classname="Test.WorldClockFunctions" name="NY_time_check" time="5.66"/>
  <testcase classname="Test.WorldClockFunctions" name="NY_datecheck" time="5.322"/>
  <testcase classname="Test.WorldClockFunctions" name="time_diff_Bangalore_NY" time="4.811"/>
  <testcase classname="Test.OneCognizantTest" name="Login" time="23.883"/>
  <testcase classname="Test.OneCognizantTest" name="clickOneCognizant" time="4.39"/>
  <testcase classname="Test.OneCognizantTest" name="handleWindow" time="0.152"/>
  <testcase classname="Test.OneCognizantTest" name="clickViewAllApps" time="52.611"/>
  <testcase classname="Test.OneCognizantTest" name="searchHeader" time="0.05"/>
  <testcase classname="Test.OneCognizantTest" name="appnames" time="4.865"/>
  <testcase classname="Base.TestBase" name="@AfterTest reportend" time="0.0">
    <ignored/>
  </testcase> <!-- @AfterTest reportend -->
</testsuite> <!-- Test -->
