<?xml version="1.0" encoding="UTF-8"?>
<!-- Generated by org.testng.reporters.JUnitXMLReporter -->
<testsuite ignored="0" hostname="Rupankar-PC-2001" failures="0" tests="6" name="Default test" time="90.899" errors="0" timestamp="2023-06-25T02:36:26 IST">
  <testcase classname="Test.OneCognizantTest" name="Login" time="15.16"/>
  <testcase classname="Test.OneCognizantTest" name="clickOneCognizant" time="10.557"/>
  <testcase classname="Test.OneCognizantTest" name="handleWindow" time="0.044"/>
  <testcase classname="Test.OneCognizantTest" name="clickViewAllApps" time="55.404"/>
  <testcase classname="Test.OneCognizantTest" name="searchHeader" time="0.062"/>
  <testcase classname="Test.OneCognizantTest" name="appnames" time="5.04"/>
</testsuite> <!-- Default test -->
